<?xml version="1.0" encoding="UTF-8"?>
<testsuite xmlns:xsi="http://www.w3.org/2001/XMLSchema-instance" xsi:noNamespaceSchemaLocation="https://maven.apache.org/surefire/maven-surefire-plugin/xsd/surefire-test-report.xsd" name="com.app.ModelSolution1Test" time="0.047" tests="18" errors="0" skipped="0" failures="0">
  <properties>
[...]
</properties>
  <testcase name="testCase_10" classname="com.app.ModelSolution1Test" time="0.003"/>
  <testcase name="testCase_11" classname="com.app.ModelSolution1Test" time="0"/>
  <testcase name="testCase_12" classname="com.app.ModelSolution1Test" time="0"/>
  <testcase name="testCase_13" classname="com.app.ModelSolution1Test" time="0"/>
  <testcase name="testCase_14" classname="com.app.ModelSolution1Test" time="0"/>
  <testcase name="testCase_15" classname="com.app.ModelSolution1Test" time="0"/>
  <testcase name="testCase_16" classname="com.app.ModelSolution1Test" time="0"/>
  <testcase name="testCase_17" classname="com.app.ModelSolution1Test" time="0"/>
  <testcase name="testCase_18" classname="com.app.ModelSolution1Test" time="0"/>
  <testcase name="testCase_1" classname="com.app.ModelSolution1Test" time="0"/>
  <testcase name="testCase_2" classname="com.app.ModelSolution1Test" time="0"/>
  <testcase name="testCase_3" classname="com.app.ModelSolution1Test" time="0.001"/>
  <testcase name="testCase_4" classname="com.app.ModelSolution1Test" time="0"/>
  <testcase name="testCase_5" classname="com.app.ModelSolution1Test" time="0"/>
  <testcase name="testCase_6" classname="com.app.ModelSolution1Test" time="0"/>
  <testcase name="testCase_7" classname="com.app.ModelSolution1Test" time="0"/>
  <testcase name="testCase_8" classname="com.app.ModelSolution1Test" time="0"/>
  <testcase name="testCase_9" classname="com.app.ModelSolution1Test" time="0.001"/>
</testsuite>